# JRE version: Java(TM) SE Runtime Environment (11.0.1+13) (build 11.0.1+13-LTS)
# Java VM: Java HotSpot(TM) 64-Bit Server VM (11.0.1+13-LTS, mixed mode, tiered, compressed oops, g1 gc, windows-amd64)
Heap:
 garbage-first heap   total 301056K, used 89088K [0x0000000081c00000, 0x0000000100000000)
  region size 1024K, 41 young (41984K), 11 survivors (11264K)
 Metaspace       used 60284K, capacity 61726K, committed 61800K, reserved 1103872K
  class space    used 7567K, capacity 8182K, committed 8216K, reserved 1048576K
GC Heap History (10 events):
Event: 5.691 GC heap before
{Heap before GC invocations=12 (full 0):
 garbage-first heap   total 208896K, used 144738K [0x0000000081c00000, 0x0000000100000000)
  region size 1024K, 122 young (124928K), 8 survivors (8192K)
 Metaspace       used 38587K, capacity 39697K, committed 39984K, reserved 1083392K
  class space    used 4672K, capacity 5138K, committed 5248K, reserved 1048576K
}
Event: 5.703 GC heap after
{Heap after GC invocations=13 (full 0):
 garbage-first heap   total 250880K, used 36618K [0x0000000081c00000, 0x0000000100000000)
  region size 1024K, 16 young (16384K), 16 survivors (16384K)
 Metaspace       used 38587K, capacity 39697K, committed 39984K, reserved 1083392K
  class space    used 4672K, capacity 5138K, committed 5248K, reserved 1048576K
}
Event: 6.590 GC heap before
{Heap before GC invocations=13 (full 0):
 garbage-first heap   total 250880K, used 170762K [0x0000000081c00000, 0x0000000100000000)
  region size 1024K, 147 young (150528K), 16 survivors (16384K)
 Metaspace       used 43881K, capacity 45121K, committed 45488K, reserved 1089536K
  class space    used 5253K, capacity 5776K, committed 5888K, reserved 1048576K
}
Event: 6.606 GC heap after
{Heap after GC invocations=14 (full 0):
 garbage-first heap   total 250880K, used 42007K [0x0000000081c00000, 0x0000000100000000)
  region size 1024K, 14 young (14336K), 14 survivors (14336K)
 Metaspace       used 43881K, capacity 45121K, committed 45488K, reserved 1089536K
  class space    used 5253K, capacity 5776K, committed 5888K, reserved 1048576K
}
Event: 7.327 GC heap before
{Heap before GC invocations=14 (full 0):
 garbage-first heap   total 250880K, used 178199K [0x0000000081c00000, 0x0000000100000000)
  region size 1024K, 147 young (150528K), 14 survivors (14336K)
 Metaspace       used 50496K, capacity 51751K, committed 52016K, reserved 1095680K
  class space    used 6185K, capacity 6685K, committed 6784K, reserved 1048576K
}
Event: 7.340 GC heap after
{Heap after GC invocations=15 (full 0):
 garbage-first heap   total 250880K, used 47457K [0x0000000081c00000, 0x0000000100000000)
  region size 1024K, 12 young (12288K), 12 survivors (12288K)
 Metaspace       used 50496K, capacity 51751K, committed 52016K, reserved 1095680K
  class space    used 6185K, capacity 6685K, committed 6784K, reserved 1048576K
}
Event: 8.299 GC heap before
{Heap before GC invocations=15 (full 0):
 garbage-first heap   total 250880K, used 186721K [0x0000000081c00000, 0x0000000100000000)
  region size 1024K, 147 young (150528K), 12 survivors (12288K)
 Metaspace       used 56873K, capacity 58105K, committed 58288K, reserved 1099776K
  class space    used 7109K, capacity 7652K, committed 7680K, reserved 1048576K
}
Event: 8.314 GC heap after
{Heap after GC invocations=16 (full 0):
 garbage-first heap   total 250880K, used 56944K [0x0000000081c00000, 0x0000000100000000)
  region size 1024K, 14 young (14336K), 14 survivors (14336K)
 Metaspace       used 56873K, capacity 58105K, committed 58288K, reserved 1099776K
  class space    used 7109K, capacity 7652K, committed 7680K, reserved 1048576K
}
Event: 8.671 GC heap before
{Heap before GC invocations=16 (full 0):
 garbage-first heap   total 250880K, used 105072K [0x0000000081c00000, 0x0000000100000000)
  region size 1024K, 62 young (63488K), 14 survivors (14336K)
 Metaspace       used 58836K, capacity 60191K, committed 60240K, reserved 1101824K
  class space    used 7347K, capacity 7924K, committed 7936K, reserved 1048576K
}
Event: 8.685 GC heap after
{Heap after GC invocations=17 (full 0):
 garbage-first heap   total 301056K, used 59392K [0x0000000081c00000, 0x0000000100000000)
  region size 1024K, 11 young (11264K), 11 survivors (11264K)
 Metaspace       used 58836K, capacity 60191K, committed 60240K, reserved 1101824K
  class space    used 7347K, capacity 7924K, committed 7936K, reserved 1048576K
}

